<?xml version="1.0" encoding="UTF-8"?>
<!-- Generated by org.testng.reporters.JUnitXMLReporter -->
<testsuite hostname="LAPTOP-3VE0IGJG" failures="0" tests="3" name="Nopackage" time="17.29" errors="0" timestamp="14 Feb 2025 17:33:47 GMT">
  <testcase classname="com.hrms.testscripts.eg_testng" name="ad" time="0.005"/>
  <testcase classname="com.hrms.testscripts.eg_testng" name="aa" time="0.001"/>
  <testcase classname="com.hrms.testscripts.testng_eg1" name="tc001" time="14.525"/>
</testsuite> <!-- Nopackage -->
