<?xml version="1.0" encoding="UTF-8"?>
<testng-results total="1" passed="1" failed="0" skipped="0">
  <reporter-output>
    <line>
      <![CDATA[Application Opened Html Report...!]]>
    </line>
    <line>
      <![CDATA[Application Login Html Report...!]]>
    </line>
    <line>
      <![CDATA[Application Logout Html Report...!]]>
    </line>
    <line>
      <![CDATA[Application Closed Html Report...!]]>
    </line>
  </reporter-output>
  <suite started-at="2025-02-14T17:53:34Z" name="Default suite" finished-at="2025-02-14T17:53:58Z" duration-ms="23902">
    <groups>
    </groups>
    <test started-at="2025-02-14T17:53:34Z" name="Default test" finished-at="2025-02-14T17:53:58Z" duration-ms="23902">
      <class name="com.hrms.testscripts.TC001">
        <test-method signature="tc001()[pri:0, instance:com.hrms.testscripts.TC001@19e4653c]" started-at="2025-02-14T23:23:34Z" name="tc001" finished-at="2025-02-14T23:23:58Z" duration-ms="23890" status="PASS">
          <reporter-output>
            <line>
              <![CDATA[Application Opened Html Report...!]]>
            </line>
            <line>
              <![CDATA[Application Login Html Report...!]]>
            </line>
            <line>
              <![CDATA[Application Logout Html Report...!]]>
            </line>
            <line>
              <![CDATA[Application Closed Html Report...!]]>
            </line>
          </reporter-output>
        </test-method> <!-- tc001 -->
      </class> <!-- com.hrms.testscripts.TC001 -->
    </test> <!-- Default test -->
  </suite> <!-- Default suite -->
</testng-results>
